Compiling the C compiler identification source file "CMakeCCompilerId.c" failed.
Compiler: /usr/bin/cc 
Build flags: 
Id flags: 

The output was:
1
/usr/bin/ld: cannot find crt1.o: Nie ma takiego pliku ani katalogu
/usr/bin/ld: cannot find crti.o: Nie ma takiego pliku ani katalogu
/usr/bin/ld: cannot find -lc
/usr/bin/ld: cannot find crtn.o: Nie ma takiego pliku ani katalogu
collect2: error: ld returned 1 exit status


Compiling the CXX compiler identification source file "CMakeCXXCompilerId.cpp" failed.
Compiler: CMAKE_CXX_COMPILER-NOTFOUND 
Build flags: 
Id flags: 

The output was:
No such file or directory


Compiling the CXX compiler identification source file "CMakeCXXCompilerId.cpp" failed.
Compiler: CMAKE_CXX_COMPILER-NOTFOUND 
Build flags: 
Id flags: -c

The output was:
No such file or directory


Determining if the C compiler works failed with the following output:
Change Dir: /home/dominikoso/ClionProjects/DomiCity/cmake-build-debug/CMakeFiles/CMakeTmp

Run Build Command:"/usr/bin/make" "cmTC_7c625/fast"
/usr/bin/make -f CMakeFiles/cmTC_7c625.dir/build.make CMakeFiles/cmTC_7c625.dir/build
make[1]: Wejście do katalogu '/home/dominikoso/ClionProjects/DomiCity/cmake-build-debug/CMakeFiles/CMakeTmp'
Building C object CMakeFiles/cmTC_7c625.dir/testCCompiler.c.o
/usr/bin/cc     -o CMakeFiles/cmTC_7c625.dir/testCCompiler.c.o   -c /home/dominikoso/ClionProjects/DomiCity/cmake-build-debug/CMakeFiles/CMakeTmp/testCCompiler.c
Linking C executable cmTC_7c625
"/home/dominikoso/Programing Software/clion-2017.1.2/bin/cmake/bin/cmake" -E cmake_link_script CMakeFiles/cmTC_7c625.dir/link.txt --verbose=1
/usr/bin/cc       CMakeFiles/cmTC_7c625.dir/testCCompiler.c.o  -o cmTC_7c625 
/usr/bin/ld: cannot find crt1.o: Nie ma takiego pliku ani katalogu
/usr/bin/ld: cannot find crti.o: Nie ma takiego pliku ani katalogu
/usr/bin/ld: cannot find -lc
/usr/bin/ld: cannot find crtn.o: Nie ma takiego pliku ani katalogu
collect2: error: ld returned 1 exit status
CMakeFiles/cmTC_7c625.dir/build.make:97: polecenia dla obiektu 'cmTC_7c625' nie powiodły się
make[1]: *** [cmTC_7c625] Błąd 1
make[1]: Opuszczenie katalogu '/home/dominikoso/ClionProjects/DomiCity/cmake-build-debug/CMakeFiles/CMakeTmp'
Makefile:126: polecenia dla obiektu 'cmTC_7c625/fast' nie powiodły się
make: *** [cmTC_7c625/fast] Błąd 2


